[debug] [2021-05-26T22:14:18.167Z] ----------------------------------------------------------------------
[debug] [2021-05-26T22:14:18.169Z] Command:       C:\Program Files (x86)\nodejs\node.exe C:\Users\valle\AppData\Roaming\npm\node_modules\firebase-tools\lib\bin\firebase.js init
[debug] [2021-05-26T22:14:18.170Z] CLI Version:   9.12.0
[debug] [2021-05-26T22:14:18.170Z] Platform:      win32
[debug] [2021-05-26T22:14:18.170Z] Node Version:  v16.1.0
[debug] [2021-05-26T22:14:18.172Z] Time:          Wed May 26 2021 19:14:18 GMT-0300 (Argentina Standard Time)
[debug] [2021-05-26T22:14:18.173Z] ----------------------------------------------------------------------
[debug] 
[debug] [2021-05-26T22:14:18.181Z] > command requires scopes: ["email","openid","https://www.googleapis.com/auth/cloudplatformprojects.readonly","https://www.googleapis.com/auth/firebase","https://www.googleapis.com/auth/cloud-platform"]
[debug] [2021-05-26T22:14:18.181Z] > authorizing via signed-in user (vallejosgvs@gmail.com)
[info] 
     ######## #### ########  ######## ########     ###     ######  ########
     ##        ##  ##     ## ##       ##     ##  ##   ##  ##       ##
     ######    ##  ########  ######   ########  #########  ######  ######
     ##        ##  ##    ##  ##       ##     ## ##     ##       ## ##
     ##       #### ##     ## ######## ########  ##     ##  ######  ########

You're about to initialize a Firebase project in this directory:

  C:\Code\argvaccinesfrontend

Before we get started, keep in mind:

  * You are currently outside your home directory
  * You are initializing in an existing Firebase project directory

